TN:
SF:public/js/local-server.ts
FN:25,(anonymous_1)
FN:45,(anonymous_2)
FN:58,(anonymous_3)
FN:75,(anonymous_4)
FN:84,(anonymous_5)
FN:89,(anonymous_6)
FN:107,(anonymous_7)
FN:108,(anonymous_8)
FN:117,(anonymous_9)
FN:123,(anonymous_10)
FN:146,(anonymous_11)
FN:164,(anonymous_12)
FN:174,(anonymous_13)
FN:185,(anonymous_14)
FN:193,(anonymous_15)
FN:215,(anonymous_16)
FN:223,(anonymous_17)
FN:241,(anonymous_18)
FN:247,(anonymous_19)
FNF:19
FNH:16
FNDA:18,(anonymous_1)
FNDA:0,(anonymous_2)
FNDA:0,(anonymous_3)
FNDA:14,(anonymous_4)
FNDA:2,(anonymous_5)
FNDA:29,(anonymous_6)
FNDA:2,(anonymous_7)
FNDA:2,(anonymous_8)
FNDA:2,(anonymous_9)
FNDA:13,(anonymous_10)
FNDA:5,(anonymous_11)
FNDA:1,(anonymous_12)
FNDA:3,(anonymous_13)
FNDA:6,(anonymous_14)
FNDA:4,(anonymous_15)
FNDA:4,(anonymous_16)
FNDA:3,(anonymous_17)
FNDA:1,(anonymous_18)
FNDA:0,(anonymous_19)
DA:1,1
DA:2,1
DA:3,1
DA:4,1
DA:5,1
DA:6,1
DA:21,1
DA:22,1
DA:25,1
DA:26,18
DA:27,18
DA:28,18
DA:33,0
DA:40,1
DA:41,1
DA:44,1
DA:46,0
DA:47,0
DA:48,0
DA:49,0
DA:50,0
DA:51,0
DA:57,1
DA:59,0
DA:60,0
DA:65,1
DA:66,1
DA:67,1
DA:72,1
DA:75,1
DA:76,14
DA:77,12
DA:79,2
DA:84,1
DA:85,2
DA:89,1
DA:90,29
DA:91,29
DA:92,1
DA:93,1
DA:94,1
DA:97,28
DA:98,26
DA:99,26
DA:101,2
DA:102,2
DA:107,1
DA:108,2
DA:109,2
DA:110,0
DA:112,2
DA:117,1
DA:118,2
DA:119,2
DA:123,1
DA:124,13
DA:125,13
DA:126,13
DA:127,1
DA:129,12
DA:130,12
DA:131,12
DA:134,1
DA:138,0
DA:139,0
DA:141,0
DA:146,1
DA:147,5
DA:148,5
DA:149,5
DA:150,0
DA:152,5
DA:153,2
DA:155,3
DA:156,3
DA:157,3
DA:159,0
DA:164,1
DA:165,1
DA:166,1
DA:167,1
DA:169,0
DA:174,1
DA:175,3
DA:176,3
DA:177,3
DA:179,0
DA:180,0
DA:185,1
DA:186,6
DA:187,6
DA:188,6
DA:189,1
DA:192,5
DA:193,5
DA:194,1
DA:197,4
DA:198,4
DA:199,1
DA:202,3
DA:203,3
DA:204,0
DA:207,1
DA:209,2
DA:210,2
DA:215,1
DA:216,4
DA:217,4
DA:218,4
DA:219,1
DA:222,3
DA:223,3
DA:224,3
DA:225,1
DA:228,2
DA:229,2
DA:230,0
DA:233,1
DA:235,1
DA:236,1
DA:241,1
DA:242,1
DA:246,1
DA:247,0
DA:248,0
LF:125
LH:103
BRDA:27,0,0,18
BRDA:46,1,0,0
BRDA:46,1,1,0
BRDA:48,2,0,0
BRDA:48,2,1,0
BRDA:50,3,0,0
BRDA:59,4,0,0
BRDA:76,5,0,12
BRDA:76,5,1,2
BRDA:76,6,0,0
BRDA:76,6,1,14
BRDA:76,7,0,14
BRDA:76,7,1,14
BRDA:91,8,0,1
BRDA:91,9,0,29
BRDA:91,9,1,28
BRDA:97,10,0,26
BRDA:97,10,1,2
BRDA:97,11,0,28
BRDA:97,11,1,26
BRDA:109,12,0,0
BRDA:126,13,0,1
BRDA:131,14,0,12
BRDA:131,14,1,0
BRDA:138,15,0,0
BRDA:149,16,0,0
BRDA:156,17,0,3
BRDA:166,18,0,1
BRDA:166,18,1,0
BRDA:166,19,0,1
BRDA:166,19,1,1
BRDA:166,19,2,1
BRDA:188,20,0,1
BRDA:193,21,0,1
BRDA:198,22,0,1
BRDA:203,23,0,0
BRDA:218,24,0,1
BRDA:224,25,0,1
BRDA:229,26,0,0
BRDA:246,27,0,0
BRF:40
BRH:25
end_of_record
